<?xml version="1.0" encoding="ISO-8859-1"?>
<!--
This file is part of the Meeds project (https://meeds.io/).
Copyright (C) 2020 Meeds Association
contact@meeds.io
This program is free software; you can redistribute it and/or
modify it under the terms of the GNU Lesser General Public
License as published by the Free Software Foundation; either
version 3 of the License, or (at your option) any later version.
This program is distributed in the hope that it will be useful,
but WITHOUT ANY WARRANTY; without even the implied warranty of
MERCHANTABILITY or FITNESS FOR A PARTICULAR PURPOSE.  See the GNU
Lesser General Public License for more details.
You should have received a copy of the GNU Lesser General Public License
along with this program; if not, write to the Free Software Foundation,
Inc., 51 Franklin Street, Fifth Floor, Boston, MA  02110-1301, USA.

-->
<configuration xmlns:xsi="http://www.w3.org/2001/XMLSchema-instance" xsi:schemaLocation="http://www.exoplatform.org/xml/ns/kernel_1_2.xsd http://www.exoplatform.org/xml/ns/kernel_1_2.xsd"
   xmlns="http://www.exoplatform.org/xml/ns/kernel_1_2.xsd">

   <component>
      <key>org.exoplatform.services.naming.InitialContextInitializer</key>
      <type>org.exoplatform.services.naming.InitialContextInitializer</type>
      <component-plugins>
         <component-plugin>
            <name>bind.datasource</name>
            <set-method>addPlugin</set-method>
            <type>org.exoplatform.services.naming.BindReferencePlugin</type>
            <init-params>
               <value-param>
                  <name>bind-name</name>
                  <value>jdbcjcr</value>
               </value-param>
               <value-param>
                  <name>class-name</name>
                  <value>javax.sql.DataSource</value>
               </value-param>
               <value-param>
                  <name>factory</name>
                  <value>org.apache.commons.dbcp.BasicDataSourceFactory</value>
               </value-param>
               <properties-param>
                  <name>ref-addresses</name>
                  <description>ref-addresses</description>
                  <property name="driverClassName" value="org.hsqldb.jdbcDriver" />
                  <property name="url" value="jdbc:hsqldb:file:target/temp/data/portal" />
                  <property name="username" value="sa" />
                  <property name="password" value="" />
               </properties-param>
            </init-params>
         </component-plugin>

         <component-plugin>
            <name>tx.userTransaction</name>
            <set-method>addPlugin</set-method>
            <type>org.exoplatform.services.naming.BindReferencePlugin</type>
            <init-params>
               <value-param>
                  <name>bind-name</name>
                  <value>UserTransaction</value>
               </value-param>
               <value-param>
                  <name>class-name</name>
                  <value>javax.transaction.UserTransaction</value>
               </value-param>
               <value-param>
                  <name>factory</name>
                  <value>org.objectweb.jotm.UserTransactionFactory</value>
                  <!-- value>org.exoplatform.services.transaction.UserTransactionFactory</value -->
               </value-param>
               <properties-param>
                  <name>ref-addresses</name>
                  <description>ref-addresses</description>
                  <property name="timeout" value="60" />
               </properties-param>
            </init-params>
         </component-plugin>
      </component-plugins>
      <init-params>
         <properties-param>
            <name>default-properties</name>
            <description>Default initial context properties</description>
            <property name="java.naming.factory.initial" value="org.exoplatform.services.naming.SimpleContextFactory" />
         </properties-param>
      </init-params>
   </component>

   <component>
      <key>org.exoplatform.services.transaction.TransactionService</key>
      <type>org.exoplatform.services.transaction.impl.jotm.TransactionServiceJotmImpl</type>
      <init-params>
         <value-param>
            <name>timeout</name>
            <value>5</value>
         </value-param>
      </init-params>
   </component>

</configuration>
