<?xml version="1.0" encoding="ISO-8859-1"?>
<!--
This file is part of the Meeds project (https://meeds.io/).
Copyright (C) 2020 Meeds Association
contact@meeds.io
This program is free software; you can redistribute it and/or
modify it under the terms of the GNU Lesser General Public
License as published by the Free Software Foundation; either
version 3 of the License, or (at your option) any later version.
This program is distributed in the hope that it will be useful,
but WITHOUT ANY WARRANTY; without even the implied warranty of
MERCHANTABILITY or FITNESS FOR A PARTICULAR PURPOSE.  See the GNU
Lesser General Public License for more details.
You should have received a copy of the GNU Lesser General Public License
along with this program; if not, write to the Free Software Foundation,
Inc., 51 Franklin Street, Fifth Floor, Boston, MA  02110-1301, USA.

-->
<configuration xmlns:xsi="http://www.w3.org/2001/XMLSchema-instance" xsi:schemaLocation="http://www.exoplatform.org/xml/ns/kernel_1_2.xsd http://www.exoplatform.org/xml/ns/kernel_1_2.xsd"
   xmlns="http://www.exoplatform.org/xml/ns/kernel_1_2.xsd">
	<container-lifecycle-plugin>
		<type>org.exoplatform.services.scheduler.test.TestSchedulerService$MyContainerLifecyclePlugin</type>
	</container-lifecycle-plugin>
   <component>
      <type>org.exoplatform.services.scheduler.test.TestSchedulerService$MyComponent</type>
   </component>
   <component>
      <type>org.exoplatform.services.listener.TestAsynchronousListener$TestHolder</type>
   </component>
	
   <component>
      <key>org.exoplatform.services.net.NetService</key>
      <type>org.exoplatform.services.net.impl.NetServiceImpl</type>
   </component>

   <component>
      <key>org.exoplatform.services.compress.CompressData</key>
      <type>org.exoplatform.services.compress.CompressData</type>
   </component>

   <component>
      <key>org.exoplatform.services.listener.ListenerService</key>
      <type>org.exoplatform.services.listener.ListenerService</type>
      <component-plugins>
         <component-plugin>
            <name>new.bean</name>
            <set-method>addListener</set-method>
            <type>org.exoplatform.services.listener.BeanListener</type>
            <description>add new listener to listener service</description>
         </component-plugin>
      </component-plugins>
   </component>

   <component>
      <key>org.exoplatform.services.mail.MailService</key>
      <type>org.exoplatform.services.mail.impl.MailServiceImpl</type>
      <init-params>
         <properties-param>
            <name>config</name>
            <property name="mail.smtp.host" value="localhost" />
            <property name="mail.smtp.port" value="2525" />
            <property name="mail.transport.protocol" value="smtp" />

            <property name="mail.smtp.auth" value="false" />
            <property name="mail.smtp.auth.username" value="exo" />
            <property name="mail.smtp.auth.password" value="exo" />

            <property name="mail.max.thread.number" value="4" />

         </properties-param>
      </init-params>
   </component>

   <component>
      <key>org.exoplatform.services.scheduler.impl.QuartzSheduler</key>
      <type>org.exoplatform.services.scheduler.impl.QuartzSheduler</type>
       <init-params>
           <value-param>
                  <name>org.quartz.scheduler.instanceName</name>
                  <value>ExoScheduler</value>
           </value-param>
           <value-param>
                  <name>org.quartz.scheduler.instanceId</name>
                  <value>AUTO</value>
           </value-param>
           <value-param>
                  <name>org.quartz.threadPool.class</name>
                  <value>org.quartz.simpl.SimpleThreadPool</value>
           </value-param>
           <value-param>
                  <name>org.quartz.threadPool.threadPriority</name>
                  <value>2</value>
           </value-param>
           <value-param>
                  <name>org.quartz.threadPool.threadCount</name>
                  <value>5</value>
           </value-param>
       </init-params>
   </component>

   <component>
      <key>org.exoplatform.services.naming.InitialContextInitializer</key>
      <type>org.exoplatform.services.naming.InitialContextInitializer</type>
      <component-plugins>
         <component-plugin>
            <name>bind.datasource</name>
            <set-method>addPlugin</set-method>
            <type>org.exoplatform.services.naming.BindReferencePlugin</type>
            <init-params>
               <value-param>
                  <name>bind-name</name>
                  <value>jdbcjcr</value>
               </value-param>
               <value-param>
                  <name>class-name</name>
                  <value>javax.sql.DataSource</value>
               </value-param>
               <value-param>
                  <name>factory</name>
                  <value>org.apache.commons.dbcp.BasicDataSourceFactory</value>
               </value-param>
               <properties-param>
                  <name>ref-addresses</name>
                  <description>ref-addresses</description>
                  <property name="driverClassName" value="org.hsqldb.jdbcDriver" />
                  <property name="url" value="jdbc:hsqldb:file:target/temp/data/portal" />
                  <property name="username" value="sa" />
                  <property name="password" value="" />
               </properties-param>
            </init-params>
         </component-plugin>

         <component-plugin>
            <name>tx.userTransaction</name>
            <set-method>addPlugin</set-method>
            <type>org.exoplatform.services.naming.BindReferencePlugin</type>
            <init-params>
               <value-param>
                  <name>bind-name</name>
                  <value>UserTransaction</value>
               </value-param>
               <value-param>
                  <name>class-name</name>
                  <value>javax.transaction.UserTransaction</value>
               </value-param>
               <value-param>
                  <name>factory</name>
                  <value>org.objectweb.jotm.UserTransactionFactory</value>
                  <!-- value>org.exoplatform.services.transaction.UserTransactionFactory</value -->
               </value-param>
               <properties-param>
                  <name>ref-addresses</name>
                  <description>ref-addresses</description>
                  <property name="timeout" value="60" />
               </properties-param>
            </init-params>
         </component-plugin>
      </component-plugins>
      <init-params>
         <value-param> 
            <name>bindings-store-path</name> 
            <value>target/store-path.xml</value> 
         </value-param>
         <!-- This parameter is required in case your AS don't share the objects
         by default and you need to be able to remove repositories dynamically -->
         <value-param> 
            <name>overload-context-factory</name> 
            <value>true</value> 
         </value-param>
         <properties-param>
            <name>default-properties</name>
            <description>Default initial context properties</description>
            <property name="java.naming.factory.initial" value="org.exoplatform.services.naming.SimpleContextFactory" />
         </properties-param>
         <!-- properties-param>
            <name>mandatory-properties</name>
            <description>Mandatory initial context properties</description>
            <property name="java.naming.factory.initial" value="org.exoplatform.services.naming.SimpleContextFactory" />
            <property name="java.naming.provider.url" value="rmi://localhost:9999" />
         </properties-param -->
      </init-params>
   </component>


   <component>
      <key>org.exoplatform.services.scheduler.JobSchedulerService</key>
      <type>org.exoplatform.services.scheduler.impl.JobSchedulerServiceImpl</type>
      <component-plugins>
         <component-plugin>
            <name>JobContextConfigListener</name>
            <set-method>addGlobalJobListener</set-method>
            <type>org.exoplatform.services.scheduler.impl.JobEnvironmentConfigListener</type>
            <description>description</description>
         </component-plugin>

         <component-plugin>
            <name>QueueTask</name>
            <set-method>addPeriodJob</set-method>
            <type>org.exoplatform.services.scheduler.PeriodJob</type>
            <description>add QueueTaskJob to the JobSchedulerService</description>
            <init-params>
               <properties-param>
                  <name>job.info</name>
                  <description>Queue Task Job</description>
                  <property name="jobName" value="queueTask" />
                  <property name="groupName" value="queueTask" />
                  <property name="job" value="org.exoplatform.services.scheduler.impl.QueueTaskJob" />

                  <property name="repeatCount" value="0" />
                  <property name="period" value="10000" />
                  <property name="startTime" value="+0" />
                  <property name="endTime" value="" />
               </properties-param>
            </init-params>
         </component-plugin>
      </component-plugins>
      <init-params>
         <value-param>
            <name>data.version</name>
            <description>The current data version of the plugin module</description>
            <value>1.1</value>
         </value-param>
      </init-params>
   </component>

   <component>
      <key>org.exoplatform.services.scheduler.QueueTasks</key>
      <type>org.exoplatform.services.scheduler.QueueTasks</type>
   </component>

   <external-component-plugins>
      <target-component>org.exoplatform.services.listener.ListenerService</target-component>
      <component-plugin>
         <name>set.value.bean</name>
         <set-method>addListener</set-method>
         <type>org.exoplatform.services.listener.SetValueBeanListener</type>
         <description>set value listener</description>
      </component-plugin>
   </external-component-plugins>

   <!-- Disabled this as only one job is expected to be defined in the tests 

   <external-component-plugins>
      <target-component>org.exoplatform.services.scheduler.JobSchedulerService</target-component>
      <component-plugin>
         <name>AddJob</name>
         <set-method>addPeriodJob</set-method>
         <type>org.exoplatform.services.scheduler.PeriodJob</type>
         <description>add a job to the JobSchedulerService</description>
         <init-params>
            <properties-param>
               <name>job.info</name>
               <description>Default Hibernate Service</description>
               <property name="jobName" value="job" />
               <property name="groupName" value="group" />
               <property name="job" value="org.exoplatform.services.scheduler.test.AJob" />

               <property name="repeatCount" value="1" />
               <property name="period" value="10" />
               <property name="startTime" value="+0" />
               <property name="endTime" value="" />
            </properties-param>
         </init-params>
      </component-plugin>
   </external-component-plugins>

   <external-component-plugins>
      <target-component>org.exoplatform.services.scheduler.JobSchedulerService</target-component>
      <component-plugin>
         <name>AddCronJob</name>
         <set-method>addCronJob</set-method>
         <type>org.exoplatform.services.scheduler.CronJob</type>
         <description>add a cron job to the JobSchedulerService</description>
         <init-params>
            <properties-param>
               <name>cronjob.info</name>
               <description>A test cron job</description>
               <property name="jobName" value="job" />
               <property name="groupName" value="group" />
               <property name="job" value="org.exoplatform.services.scheduler.test.AJob" />
               <property name="expression" value="0 15 10 ? * *" />
            </properties-param>
         </init-params>
      </component-plugin>
   </external-component-plugins>
   -->

   <external-component-plugins>
      <target-component>org.exoplatform.services.scheduler.JobSchedulerService</target-component>
      <component-plugin>
         <name>AddJob</name>
         <set-method>addPeriodJob</set-method>
         <type>org.exoplatform.services.scheduler.PeriodJob</type>
         <description>add a job to the JobSchedulerService</description>
         <init-params>
            <properties-param>
               <name>job.info</name>
               <description>Test QueueTaks</description>
               <property name="jobName" value="TestQueueTask" />
               <property name="groupName" value="QueueTask" />
               <property name="job" value="org.exoplatform.services.scheduler.impl.QueueTaskJob" />

               <property name="repeatCount" value="0" />
               <property name="period" value="1000" />
               <property name="startTime" value="+0" />
               <property name="endTime" value="" />
            </properties-param>
         </init-params>
      </component-plugin>
      <component-plugin>
         <name>AddJob</name>
         <set-method>addPeriodJob</set-method>
         <type>org.exoplatform.services.scheduler.PeriodJob</type>
         <description>add a job to the JobSchedulerService</description>
         <init-params>
            <properties-param>
               <name>job.info</name>
               <description>Test QueueTaks</description>
               <property name="jobName" value="job1" />
               <property name="groupName" value="group1" />
               <property name="job" value="org.exoplatform.services.scheduler.test.TestSchedulerService$MyJobWithNonStartedServices" />

               <property name="repeatCount" value="1" />
               <property name="period" value="1000" />
               <property name="startTime" value="" />
               <property name="endTime" value="" />
            </properties-param>
         </init-params>
      </component-plugin>      
      <component-plugin profiles="MultiplePortalContainers">
         <name>AddJob</name>
         <set-method>addPeriodJob</set-method>
         <type>org.exoplatform.services.scheduler.PeriodJob</type>
         <description>add a job to the JobSchedulerService</description>
         <init-params>
            <properties-param>
               <name>job.info</name>
               <description>Test QueueTaks</description>
               <property name="jobName" value="myJob1" />
               <property profiles="portal-container2" name="jobName" value="myJob2" />
               <property name="groupName" value="group2" />
               <property name="job" value="org.exoplatform.services.scheduler.test.TestSchedulerService$MyJobMultiplePortalContainers" />

               <property name="repeatCount" value="-1" />
               <property name="period" value="500" />
               <property name="startTime" value="" />
               <property name="endTime" value="" />
            </properties-param>
         </init-params>
      </component-plugin>      
   </external-component-plugins>
</configuration>
