<?xml version="1.0" encoding="UTF-8"?>
<!--
This file is part of the Meeds project (https://meeds.io/).
Copyright (C) 2020 Meeds Association
contact@meeds.io
This program is free software; you can redistribute it and/or
modify it under the terms of the GNU Lesser General Public
License as published by the Free Software Foundation; either
version 3 of the License, or (at your option) any later version.
This program is distributed in the hope that it will be useful,
but WITHOUT ANY WARRANTY; without even the implied warranty of
MERCHANTABILITY or FITNESS FOR A PARTICULAR PURPOSE.  See the GNU
Lesser General Public License for more details.
You should have received a copy of the GNU Lesser General Public License
along with this program; if not, write to the Free Software Foundation,
Inc., 51 Franklin Street, Fifth Floor, Boston, MA  02110-1301, USA.

-->
<configuration
   xmlns:xsi="http://www.w3.org/2001/XMLSchema-instance"
   xsi:schemaLocation="http://www.exoplatform.org/xml/ns/kernel_1_0.xsd http://www.exoplatform.org/xml/ns/kernel_1_0.xsd"
   xmlns="http://www.exoplatform.org/xml/ns/kernel_1_0.xsd">
   <component>
      <type>org.exoplatform.container.configuration.TestValidation</type>
      <init-params>
         <value-param>
            <name>value-param</name>
            <value>value</value>
         </value-param>
         <value-param>
            <name>value-param2</name>
            <value>value</value>
         </value-param>
         <values-param>
            <name>values-param</name>
            <value>value1</value>
            <value>value2</value>
            <value>value3</value>
         </values-param>
         <values-param>
            <name>values-param2</name>
            <value>value1</value>
            <value>value2</value>
            <value>value3</value>
         </values-param>
         <properties-param>
            <name>properties-param</name>
            <property name="p1" value="v1"></property>
            <property name="p2" value="v2"></property>
            <property name="p3" value="v3"></property>
         </properties-param>
         <properties-param>
            <name>properties-param2</name>
            <property name="p1" value="v1"></property>
            <property name="p2" value="v2"></property>
            <property name="p3" value="v3"></property>
         </properties-param>
         <object-param>
            <name>object-param</name>
            <description>description</description>
            <object type="org.exoplatform.container.configuration.TestValidation$MyBean">
               <field name="value">
                  <string>value</string>
               </field>
            </object>
         </object-param>
         <object-param>
            <name>object-param2</name>
            <description>description</description>
            <object type="org.exoplatform.container.configuration.TestValidation$MyBean">
               <field name="value">
                  <string>value</string>
               </field>
            </object>
         </object-param>
      </init-params>
   </component>
</configuration>