<?xml version="1.0" encoding="ISO-8859-1"?>
<!--
This file is part of the Meeds project (https://meeds.io/).
Copyright (C) 2020 Meeds Association
contact@meeds.io
This program is free software; you can redistribute it and/or
modify it under the terms of the GNU Lesser General Public
License as published by the Free Software Foundation; either
version 3 of the License, or (at your option) any later version.
This program is distributed in the hope that it will be useful,
but WITHOUT ANY WARRANTY; without even the implied warranty of
MERCHANTABILITY or FITNESS FOR A PARTICULAR PURPOSE.  See the GNU
Lesser General Public License for more details.
You should have received a copy of the GNU Lesser General Public License
along with this program; if not, write to the Free Software Foundation,
Inc., 51 Franklin Street, Fifth Floor, Boston, MA  02110-1301, USA.

-->
<configuration xmlns:xsi="http://www.w3.org/2001/XMLSchema-instance" xsi:schemaLocation="http://www.exoplaform.org/xml/ns/kernel_1_2.xsd http://www.exoplaform.org/xml/ns/kernel_1_2.xsd"
   xmlns="http://www.exoplaform.org/xml/ns/kernel_1_2.xsd">
   <component profiles="testBadCyclicRef">
      <type>org.exoplatform.container.TestExoContainer$A1</type>
   </component>
   <component profiles="testBadCyclicRef">
      <type>org.exoplatform.container.TestExoContainer$B1</type>
   </component>
   <component profiles="testBadCyclicRef2">
      <type>org.exoplatform.container.TestExoContainer$A2</type>
   </component>
   <component profiles="testBadCyclicRef2">
      <type>org.exoplatform.container.TestExoContainer$B2</type>
   </component>
   <component profiles="testBadCyclicRef3">
      <type>org.exoplatform.container.TestExoContainerMT$A1</type>
   </component>
   <component profiles="testBadCyclicRef3">
      <type>org.exoplatform.container.TestExoContainerMT$B1</type>
   </component>
   <component profiles="testBadCyclicRef4">
      <type>org.exoplatform.container.TestExoContainerMT$A2</type>
   </component>
   <component profiles="testBadCyclicRef4">
      <type>org.exoplatform.container.TestExoContainerMT$B2</type>
   </component>
   <component profiles="testBadCyclicRef5">
      <type>org.exoplatform.container.TestExoContainerMT$A3</type>
   </component>
   <component profiles="testBadCyclicRef5">
      <type>org.exoplatform.container.TestExoContainerMT$B3</type>
   </component>
   <component profiles="testBadCyclicRef6">
      <type>org.exoplatform.container.TestExoContainerMT$A4</type>
   </component>
   <component profiles="testBadCyclicRef6">
      <type>org.exoplatform.container.TestExoContainerMT$B4</type>
   </component>
   <component profiles="testAutoSolveDepIssues">
      <type>org.exoplatform.container.TestExoContainerMT$ASDI_1</type>
      <component-plugins>
         <component-plugin>
            <name>testAutoSolveDepIssues-test-plugin</name>
            <set-method>addPlugin</set-method>
            <type>org.exoplatform.container.TestExoContainerMT$ASDI_1Plugin</type>
         </component-plugin>
      </component-plugins>
   </component>
   <component profiles="testAutoSolveDepIssues">
      <type>org.exoplatform.container.TestExoContainerMT$ASDI_2</type>
   </component>
   <component profiles="testAutoSolveDepIssues">
      <type>org.exoplatform.container.TestExoContainerMT$ASDI_2_2</type>
   </component>
   <component profiles="testAutoSolveDepIssues">
      <type>org.exoplatform.container.TestExoContainerMT$ASDI_3</type>
   </component>
   <component profiles="testAutoSolveDepIssues">
      <key>ASDI_4</key>
      <type>org.exoplatform.container.TestExoContainerMT$ASDI_4</type>
   </component>
   <component profiles="testAutoSolveDepIssues">
      <key>org.exoplatform.container.TestExoContainerMT$ASDI_5Qualifier</key>
      <type>org.exoplatform.container.TestExoContainerMT$ASDI_5</type>
   </component>
</configuration>