<?xml version="1.0" encoding="ISO-8859-1"?>
<!--
This file is part of the Meeds project (https://meeds.io/).
Copyright (C) 2020 Meeds Association
contact@meeds.io
This program is free software; you can redistribute it and/or
modify it under the terms of the GNU Lesser General Public
License as published by the Free Software Foundation; either
version 3 of the License, or (at your option) any later version.
This program is distributed in the hope that it will be useful,
but WITHOUT ANY WARRANTY; without even the implied warranty of
MERCHANTABILITY or FITNESS FOR A PARTICULAR PURPOSE.  See the GNU
Lesser General Public License for more details.
You should have received a copy of the GNU Lesser General Public License
along with this program; if not, write to the Free Software Foundation,
Inc., 51 Franklin Street, Fifth Floor, Boston, MA  02110-1301, USA.

-->
<configuration>

	<container-lifecycle-plugin>
		<type> container-lifecycle-plugin-type 
      </type>
		<init-params>
			<value-param>
				<name> container-lifecycle-plugin-value-param-name </name>
				<value> container-lifecycle-plugin-value-param-value </value>
			</value-param>
		</init-params>
	</container-lifecycle-plugin>
	<component-lifecycle-plugin>
		<type> component-lifecycle-plugin 
      </type>
		<manageable-components>
			<component-type> manageable-components-component-type</component-type>
		</manageable-components>
		<init-params>
			<values-param>
				<name> component-lifecycle-plugin-values-param-name </name>
				<value> component-lifecycle-plugin-values-param-value1 </value>
				<value> component-lifecycle-plugin-values-param-value2 
				</value>
			</values-param>
		</init-params>
	</component-lifecycle-plugin>
	<component>
		<key> component-key1  
      </key>
		<type> component-type1 
      </type>
		<init-params>
			<properties-param>
				<name> component-key1-properties-param-name </name>
				<property name=" component-key1-properties-param-prop-name " value=" component-key1-properties-param-prop-value
			" />
			</properties-param>
		</init-params>
	</component>
	<component>
		<type> component-type2 
      </type>
		<component-plugins>
			<component-plugin>
				<name> component-plugins-name </name>
				<set-method> set-method-name</set-method>
				<type> component-plugins-type </type>
				<priority> 1 </priority>
			</component-plugin>
		</component-plugins>
		<init-params>
			<object-param>
				<name> component-key2-object-param-name </name>
				<object type=" org.exoplatform.xml.test.TestConfigurationXML$MyObject ">
					<field name=" field1 ">
						<string> string-value </string>
					</field>
					<field name=" field2 ">
						<int> 1 </int>
					</field>
					<field name=" field3 ">
						<long> 1 </long>
					</field>
					<field name=" field4 ">
						<double> 1 </double>
					</field>
					<field name=" field5 ">
						<boolean> true </boolean>
					</field>
					<field name=" field6 ">
						<map type=" java.util.HashMap ">
							<entry>
								<key><string> entry-name </string></key>
								<value><string> entry-value </string></value>
							</entry>
						</map>
					</field>
					<field name=" field7 ">
						<collection type=" java.util.HashSet ">
							<value>
								<string> string-value </string>
							</value>
						</collection>
					</field>
					<field name=" field8 ">
						<native-array type=" int ">
							<array> 1 </array>
						</native-array>
					</field>
				</object>
			</object-param>
		</init-params>
	</component>
	<external-component-plugins>
		<target-component> target-component-name 
		</target-component>
		<component-plugin>
			<name> component-plugins-name </name>
			<set-method> set-method-name</set-method>
			<type> component-plugins-type </type>
			<priority> 1 </priority>
		</component-plugin>
	</external-component-plugins>
	<import> import-value 
	</import>
	<remove-configuration> remove-configuration-value </remove-configuration>
</configuration>
