<?xml version="1.0" encoding="ISO-8859-1"?>
<!--
This file is part of the Meeds project (https://meeds.io/).
Copyright (C) 2020 Meeds Association
contact@meeds.io
This program is free software; you can redistribute it and/or
modify it under the terms of the GNU Lesser General Public
License as published by the Free Software Foundation; either
version 3 of the License, or (at your option) any later version.
This program is distributed in the hope that it will be useful,
but WITHOUT ANY WARRANTY; without even the implied warranty of
MERCHANTABILITY or FITNESS FOR A PARTICULAR PURPOSE.  See the GNU
Lesser General Public License for more details.
You should have received a copy of the GNU Lesser General Public License
along with this program; if not, write to the Free Software Foundation,
Inc., 51 Franklin Street, Fifth Floor, Boston, MA  02110-1301, USA.

-->
<configuration xmlns:xsi="http://www.w3.org/2001/XMLSchema-instance" xsi:schemaLocation="http://www.exoplaform.org/xml/ns/kernel_1_2.xsd http://www.exoplaform.org/xml/ns/kernel_1_2.xsd"
	xmlns="http://www.exoplaform.org/xml/ns/kernel_1_2.xsd">
	<container-lifecycle-plugin>
		<type>org.exoplatform.container.TestExoContainer$MyContainerLifecyclePlugin1</type>
	</container-lifecycle-plugin>
	<container-lifecycle-plugin>
		<name>MyContainerLifecyclePlugin2</name>
		<type>org.exoplatform.container.TestExoContainer$MyContainerLifecyclePlugin2</type>
		<description>The description of the plugin</description>
		<priority>-10</priority>
		<init-params>
			<value-param>
				<name>param</name>
				<description>a test parameter</description>
				<value>value</value>
			</value-param>
		</init-params>
	</container-lifecycle-plugin>
	<container-lifecycle-plugin>
		<type>org.exoplatform.container.TestExoContainer$MyContainerLifecyclePlugin3</type>
		<priority>-5</priority>
	</container-lifecycle-plugin>
	<component>
		<type>org.exoplatform.container.TestExoContainer$MyCounter</type>
	</component>
	<component>
		<type>org.exoplatform.container.TestExoContainer$MyMTClass</type>
	</component>
	<component>
		<type>org.exoplatform.container.TestExoContainer$MyClass</type>
		<component-plugins>
			<component-plugin>
				<name>stackoverflow-test-plugin</name>
				<set-method>add</set-method>
				<type>org.exoplatform.container.TestExoContainer$MyClassPlugin</type>
			</component-plugin>
			<component-plugin>
				<name>stackoverflow-test-plugin2</name>
				<set-method>add</set-method>
				<type>org.exoplatform.container.TestExoContainer$MyClassPlugin2</type>
			</component-plugin>
		</component-plugins>
	</component>
	 <component profiles="testStackOverFlowB">
		<type>org.exoplatform.container.TestExoContainer$MyClassB</type>
		<component-plugins>
			<component-plugin>
				<name>stackoverflow-test-plugin</name>
				<set-method>add</set-method>
				<type>org.exoplatform.container.TestExoContainer$MyClassPluginB</type>
			</component-plugin>
			<component-plugin>
				<name>stackoverflow-test-plugin2</name>
				<set-method>add</set-method>
				<type>org.exoplatform.container.TestExoContainer$MyClassPlugin2B</type>
			</component-plugin>
		</component-plugins>
	 </component>
	<component>
		<type>org.exoplatform.container.TestExoContainer$SOE1</type>
		<component-plugins>
			<component-plugin>
				<name>stackoverflow-test-plugin</name>
				<set-method>addPlugin</set-method>
				<type>org.exoplatform.container.TestExoContainer$SOEPlugin</type>
			</component-plugin>
		</component-plugins>
	</component>
	<component>
		<type>org.exoplatform.container.TestExoContainer$SOE2</type>
	</component>
	<component profiles="testStart">
		<type>org.exoplatform.container.TestExoContainer$TS1</type>
	</component>
	<component profiles="testStart">
		<type>org.exoplatform.container.TestExoContainer$TS2</type>
	</component>
	<component profiles="testStart">
		<type>org.exoplatform.container.TestExoContainer$TS3</type>
	</component>
	<component profiles="testStart">
		<type>org.exoplatform.container.TestExoContainer$TS4</type>
	</component>
	<component>
		<type>org.exoplatform.container.TestExoContainer$SOE1C</type>
		<component-plugins>
			<component-plugin>
				<name>stackoverflow-test-plugin</name>
				<set-method>addPlugin</set-method>
				<type>org.exoplatform.container.TestExoContainer$SOEPluginCR</type>
			</component-plugin>
				<component-plugin>
					<name>stackoverflow-test-plugin2</name>
					<set-method>addPlugin</set-method>
					<type>org.exoplatform.container.TestExoContainer$SOEPluginC</type>
				</component-plugin>
		</component-plugins>
	</component>
	<component>
		<type>org.exoplatform.container.TestExoContainer$SOE2C</type>
	</component>
	<component profiles="testCyclicRef">
		<type>org.exoplatform.container.TestExoContainer$A</type>
	</component>
	<component profiles="testCyclicRef">
		<type>org.exoplatform.container.TestExoContainer$B</type>
		<component-plugins>
			<component-plugin>
				<name>testCyclicRef</name>
				<set-method>add</set-method>
				<type>org.exoplatform.container.TestExoContainer$BPlugin</type>
			</component-plugin>
		</component-plugins>
	</component>
	<component profiles="testStartOrder">
		<type>org.exoplatform.container.TestExoContainer$C0</type>
	</component>
	<component profiles="testStartOrder">
		<type>org.exoplatform.container.TestExoContainer$C1</type>
		<component-plugins>
			<component-plugin>
				<name>testStartOrder</name>
				<set-method>add</set-method>
				<type>org.exoplatform.container.TestExoContainer$P</type>
			</component-plugin>
		</component-plugins>
	</component>
	<component profiles="testStartOrder">
		<type>org.exoplatform.container.TestExoContainer$C2</type>
	</component>
	<component profiles="testStartOrder">
		<type>org.exoplatform.container.TestExoContainer$C2_1</type>
	</component>
	<component profiles="testStartOrder">
		<type>org.exoplatform.container.TestExoContainer$C2_2</type>
	</component>
	<component profiles="testStartOrder">
		<type>org.exoplatform.container.TestExoContainer$C2_3</type>
	</component>
	<component profiles="testStartOrder">
		<type>org.exoplatform.container.TestExoContainer$C2_4</type>
	</component>
	<component profiles="testStackOverflowError">
		<key>org.exoplatform.container.TestExoContainer$MyService</key>
		<type>org.exoplatform.container.TestExoContainer$MyServiceImpl</type>
	</component>
	<component profiles="testSerializationRecursivity">
		<type>org.exoplatform.container.TestExoContainer$SerializationRecursivity1</type>
		<init-params>
			<object-param>
				<name>SerializationRecursivity2</name>
				<object type="org.exoplatform.container.TestExoContainer$SerializationRecursivity2">
				</object>
			</object-param>
		</init-params>
	</component>
	<component profiles="testSerializationRecursivity">
		<type>org.exoplatform.container.TestExoContainer$SerializationRecursivity3</type>
	</component>
	<component profiles="testStates">
		<type>org.exoplatform.container.TestExoContainer$TSC1</type>
		<component-plugins>
			<component-plugin>
				<name>testStates</name>
				<set-method>addPlugin</set-method>
				<type>org.exoplatform.container.TestExoContainer$TSC2Plugin</type>
			</component-plugin>
		</component-plugins>
	</component>
	<component profiles="testStates">
		<type>org.exoplatform.container.TestExoContainer$TSC2</type>
		<component-plugins>
			<component-plugin>
				<name>testStates</name>
				<set-method>addPlugin</set-method>
				<type>org.exoplatform.container.TestExoContainer$TSC2Plugin</type>
			</component-plugin>
		</component-plugins>
	</component>
	<component profiles="testContainers">
		<type>org.exoplatform.container.TestExoContainer$CCTC1</type>
	</component>
	<component profiles="testContainers">
		<type>org.exoplatform.container.TestExoContainer$CCTC2</type>
	</component>
	<component profiles="testContainers">
		<type>org.exoplatform.container.TestExoContainer$CCTC3</type>
	</component>
	<component profiles="testScope">
		<key>org.exoplatform.container.context.ContextManager</key>
		<type>org.exoplatform.container.context.ContextManagerImpl</type>
		<component-plugins>
			<component-plugin>
				<name>main-scopes</name>
				<set-method>addContexts</set-method>
				<type>org.exoplatform.container.context.ContextPlugin</type>
				<init-params>
					<object-param>
						<name>request-scope</name>
						<object type="org.exoplatform.container.context.RequestContext"/>
					</object-param>
					<object-param>
						<name>session-scope</name>
						<object type="org.exoplatform.container.context.SessionContext"/>
					</object-param>
				</init-params>
			</component-plugin>
		</component-plugins>
	</component>
	<component profiles="testStartOrder2">
		<type>org.exoplatform.container.TestExoContainer$TSO2_A</type>
	</component>
	<component profiles="testStartOrder2">
		<type>org.exoplatform.container.TestExoContainer$TSO2_B</type>
	</component>
	<component profiles="testStartOrder2">
		<type>org.exoplatform.container.TestExoContainer$TSO2_C</type>
	</component>
	<component profiles="testStartOrder2">
		<type>org.exoplatform.container.TestExoContainer$TSO2_D</type>
	</component>
	<component profiles="testStartOrder2">
		<type>org.exoplatform.container.TestExoContainer$TSO2_A2</type>
	</component>
	<component profiles="testStartOrder2">
		<type>org.exoplatform.container.TestExoContainer$TSO2_B2</type>
	</component>
	<component profiles="testStartOrder2">
		<type>org.exoplatform.container.TestExoContainer$TSO2_C2</type>
	</component>
	<component profiles="testStartOrder3">
		<type>org.exoplatform.container.TestExoContainer$TSO3_A</type>
	</component>
	<component profiles="testStartOrder3">
		<type>org.exoplatform.container.TestExoContainer$TSO3_B</type>
	</component>
	<component profiles="testStartOrder3">
		<type>org.exoplatform.container.TestExoContainer$TSO3_C</type>
	</component>
	<component profiles="testContainerNameSuffix">
		<type>org.exoplatform.container.definition.PortalContainerConfig</type>
	</component>
	<component profiles="testContainerNameSuffix">
		<type>org.exoplatform.container.TestExoContainer$TCNS</type>
		<init-params>
			<value-param>
				<name>param</name>
				<value>empty${container.name.suffix}</value>
			</value-param>
		</init-params>
	</component>
	<component profiles="testContainerNameSuffix">
		<type>org.exoplatform.container.TestExoContainer$TCNS_DEP</type>
		<init-params>
			<value-param>
				<name>param</name>
				<value>empty${container.name.suffix}</value>
			</value-param>
		</init-params>
	</component>
	<external-component-plugins profiles="testContainerNameSuffix">
		<!-- The full qualified name of the PortalContainerConfig -->
		<target-component>org.exoplatform.container.definition.PortalContainerConfig</target-component>
		<component-plugin>
			<!-- The name of the plugin -->
			<name>Add PortalContainer Definitions</name>
			<!-- The name of the method to call on the PortalContainerConfig in order to register the PortalContainerDefinitions -->
			<set-method>registerPlugin</set-method>
			<!-- The full qualified name of the PortalContainerDefinitionPlugin -->
			<type>org.exoplatform.container.definition.PortalContainerDefinitionPlugin</type>
			<init-params>
				<object-param>
					<name>portal</name>
					<object type="org.exoplatform.container.definition.PortalContainerDefinition">
						<!-- The name of the portal container -->
						<field name="name">
							<string>portal</string>
						</field>
						<!-- The name of the context name of the rest web application -->
						<field name="restContextName">
							<string>rest</string>
						</field>
						<!-- The name of the realm -->
						<field name="realmName">
							<string>exo-domain</string>
						</field>
					</object>
				</object-param>
			</init-params>
		</component-plugin>
	</external-component-plugins>
	<external-component-plugins profiles="testStackOverflowError">
		<target-component>org.exoplatform.container.TestExoContainer$MyService</target-component>
		<component-plugin>
			<name>test.plugin</name>
			<set-method>addPlugin</set-method>
			<type>org.exoplatform.container.TestExoContainer$MyPlugin</type>
			<description>User - Ticket Authenticator</description>
		</component-plugin>
	</external-component-plugins>
	<external-component-plugins profiles="testAutoRegistration">
		<target-component>org.exoplatform.container.TestExoContainer$AutoRegistration1</target-component>
		<component-plugin>
			<name>AutoRegistration1</name>
			<set-method>add</set-method>
			<type>org.exoplatform.container.component.BaseComponentPlugin</type>
		</component-plugin>
	</external-component-plugins>
	<external-component-plugins profiles="testAutoRegistration">
		<target-component></target-component>
		<component-plugin>
			<name>AutoRegistrationN1</name>
			<set-method>add</set-method>
			<type>org.exoplatform.container.component.BaseComponentPlugin</type>
		</component-plugin>
	</external-component-plugins>
	<external-component-plugins profiles="testAutoRegistration">
		<target-component>org.exoplatform.container.TestExoContainer$AutoRegistrationQualifier1</target-component>
		<component-plugin>
			<name>AutoRegistrationQ1</name>
			<set-method>add</set-method>
			<type>org.exoplatform.container.component.BaseComponentPlugin</type>
		</component-plugin>
	</external-component-plugins>
	<external-component-plugins profiles="testGetExternalComponentPluginsUnused">
		<target-component>org.exoplatform.container.TestExoContainer$MyService</target-component>
		<component-plugin>
			<name>test.plugin</name>
			<set-method>addPlugin</set-method>
			<type>org.exoplatform.container.TestExoContainer$MyPlugin</type>
		</component-plugin>
	</external-component-plugins>
</configuration>