<?xml version="1.0" encoding="ISO-8859-1"?>
<!--
This file is part of the Meeds project (https://meeds.io/).
Copyright (C) 2020 Meeds Association
contact@meeds.io
This program is free software; you can redistribute it and/or
modify it under the terms of the GNU Lesser General Public
License as published by the Free Software Foundation; either
version 3 of the License, or (at your option) any later version.
This program is distributed in the hope that it will be useful,
but WITHOUT ANY WARRANTY; without even the implied warranty of
MERCHANTABILITY or FITNESS FOR A PARTICULAR PURPOSE.  See the GNU
Lesser General Public License for more details.
You should have received a copy of the GNU Lesser General Public License
along with this program; if not, write to the Free Software Foundation,
Inc., 51 Franklin Street, Fifth Floor, Boston, MA  02110-1301, USA.

-->
<configuration>

   <component>
      <key>org.exoplatform.services.command.impl.CommandService</key>
      <type>org.exoplatform.services.command.impl.CommandService</type>
      <component-plugins>
         <component-plugin>
            <name>config.catalog</name>
            <set-method>addPlugin</set-method>
            <type>org.exoplatform.services.command.impl.CommonsXMLConfigurationPlugin</type>
            <init-params>
               <value-param>
                  <name>config-file</name>
                  <value>conf/test-commands.xml</value>
               </value-param>
            </init-params>
         </component-plugin>
      </component-plugins>
   </component>

   <component>
      <type>org.exoplatform.services.command.action.ActionService</type>
   </component>

</configuration>
